1 - 1 : 5
1 - 2 : 1
1 - 3 : 5
1 - 4 : 8
1 - 5 : 3
1 - 6 : 10
1 - 7 : 16
1 - 8 : 8
2 - 1 : 0
2 - 2 : -4
2 - 3 : 0
2 - 4 : 3
2 - 5 : -2
2 - 6 : 5
2 - 7 : 11
2 - 8 : 3
3 - 1 : 0
3 - 2 : 0
3 - 3 : 4
3 - 4 : 7
3 - 5 : 2
3 - 6 : 9
3 - 7 : 15
3 - 8 : 7
4 - 1 : 0
4 - 2 : 0
4 - 3 : 0
4 - 4 : 3
4 - 5 : -2
4 - 6 : 5
4 - 7 : 11
4 - 8 : 3
5 - 1 : 0
5 - 2 : 0
5 - 3 : 0
5 - 4 : 0
5 - 5 : -5
5 - 6 : 2
5 - 7 : 8
5 - 8 : 0
6 - 1 : 0
6 - 2 : 0
6 - 3 : 0
6 - 4 : 0
6 - 5 : 0
6 - 6 : 7
6 - 7 : 13
6 - 8 : 5
7 - 1 : 0
7 - 2 : 0
7 - 3 : 0
7 - 4 : 0
7 - 5 : 0
7 - 6 : 0
7 - 7 : 6
7 - 8 : -2
8 - 1 : 0
8 - 2 : 0
8 - 3 : 0
8 - 4 : 0
8 - 5 : 0
8 - 6 : 0
8 - 7 : 0
8 - 8 : -8
